<?xml version="1.0" encoding="UTF-8"?>
<!-- Generated by org.testng.reporters.JUnitXMLReporter -->
<testsuite ignored="0" hostname="Ankit" failures="0" tests="3" name="Default test" time="72.173" errors="0" timestamp="2023-08-09T16:14:09 IST">
  <testcase classname="ankitdemoMobile.Appium.BaseTest" name="configureAppium" time="13.406"/>
  <testcase classname="ankitdemoMobile.Appium.BaseTest" name="tearDown" time="0.064"/>
  <testcase classname="ankitdemoMobile.Appium.eCommerce_tc_4_Hybrid" name="fillFormTest" time="43.219"/>
</testsuite> <!-- Default test -->
