<?xml version="1.0" encoding="UTF-8"?>
<!-- Generated by org.testng.reporters.JUnitXMLReporter -->
<testsuite ignored="0" hostname="Ankit" failures="0" tests="3" name="Default test" time="61.541" errors="0" timestamp="2023-08-09T17:27:31 IST">
  <testcase classname="ankitdemoMobile.Appium.MobileBaseTest" name="configureAppium" time="19.148"/>
  <testcase classname="ankitdemoMobile.Appium.MobileBaseTest" name="tearDown" time="0.005"/>
  <testcase classname="ankitdemoMobile.Appium.MobileBrowserTest" name="browserTest" time="21.676"/>
</testsuite> <!-- Default test -->
