<?xml version="1.0" encoding="UTF-8"?>
<testng-results ignored="0" total="3" passed="3" failed="0" skipped="0">
  <reporter-output>
  </reporter-output>
  <suite started-at="2023-08-09T17:26:29 IST" name="Default suite" finished-at="2023-08-09T17:27:31 IST" duration-ms="61541">
    <groups>
    </groups>
    <test started-at="2023-08-09T17:26:29 IST" name="Default test" finished-at="2023-08-09T17:27:31 IST" duration-ms="61541">
      <class name="ankitdemoMobile.Appium.MobileBrowserTest">
        <test-method is-config="true" signature="configureAppium()[pri:0, instance:ankitdemoMobile.Appium.MobileBrowserTest@3e58a80e]" started-at="2023-08-09T17:26:30 IST" name="configureAppium" finished-at="2023-08-09T17:26:50 IST" duration-ms="20662" status="PASS">
          <reporter-output>
          </reporter-output>
        </test-method> <!-- configureAppium -->
        <test-method signature="configureAppium()[pri:0, instance:ankitdemoMobile.Appium.MobileBrowserTest@3e58a80e]" started-at="2023-08-09T17:26:50 IST" name="configureAppium" finished-at="2023-08-09T17:27:09 IST" duration-ms="19148" status="PASS">
          <reporter-output>
          </reporter-output>
        </test-method> <!-- configureAppium -->
        <test-method signature="tearDown()[pri:0, instance:ankitdemoMobile.Appium.MobileBrowserTest@3e58a80e]" started-at="2023-08-09T17:27:09 IST" name="tearDown" finished-at="2023-08-09T17:27:09 IST" duration-ms="5" status="PASS">
          <reporter-output>
          </reporter-output>
        </test-method> <!-- tearDown -->
        <test-method signature="browserTest()[pri:0, instance:ankitdemoMobile.Appium.MobileBrowserTest@3e58a80e]" started-at="2023-08-09T17:27:09 IST" name="browserTest" finished-at="2023-08-09T17:27:31 IST" duration-ms="21676" status="PASS">
          <reporter-output>
          </reporter-output>
        </test-method> <!-- browserTest -->
        <test-method is-config="true" signature="tearDown()[pri:0, instance:ankitdemoMobile.Appium.MobileBrowserTest@3e58a80e]" started-at="2023-08-09T17:27:31 IST" name="tearDown" finished-at="2023-08-09T17:27:31 IST" duration-ms="1" status="PASS">
          <reporter-output>
          </reporter-output>
        </test-method> <!-- tearDown -->
      </class> <!-- ankitdemoMobile.Appium.MobileBrowserTest -->
    </test> <!-- Default test -->
  </suite> <!-- Default suite -->
</testng-results>
