<?xml version="1.0" encoding="UTF-8"?>
<testng-results ignored="0" total="3" passed="3" failed="0" skipped="0">
  <reporter-output>
  </reporter-output>
  <suite started-at="2023-08-09T16:12:56 IST" name="Default suite" finished-at="2023-08-09T16:14:08 IST" duration-ms="72173">
    <groups>
    </groups>
    <test started-at="2023-08-09T16:12:56 IST" name="Default test" finished-at="2023-08-09T16:14:08 IST" duration-ms="72173">
      <class name="ankitdemoMobile.Appium.eCommerce_tc_4_Hybrid">
        <test-method is-config="true" signature="configureAppium()[pri:0, instance:ankitdemoMobile.Appium.eCommerce_tc_4_Hybrid@1aa7ecca]" started-at="2023-08-09T16:12:56 IST" name="configureAppium" finished-at="2023-08-09T16:13:12 IST" duration-ms="15407" status="PASS">
          <reporter-output>
          </reporter-output>
        </test-method> <!-- configureAppium -->
        <test-method signature="configureAppium()[pri:0, instance:ankitdemoMobile.Appium.eCommerce_tc_4_Hybrid@1aa7ecca]" started-at="2023-08-09T16:13:12 IST" name="configureAppium" finished-at="2023-08-09T16:13:25 IST" duration-ms="13406" status="PASS">
          <reporter-output>
          </reporter-output>
        </test-method> <!-- configureAppium -->
        <test-method signature="tearDown()[pri:0, instance:ankitdemoMobile.Appium.eCommerce_tc_4_Hybrid@1aa7ecca]" started-at="2023-08-09T16:13:25 IST" name="tearDown" finished-at="2023-08-09T16:13:25 IST" duration-ms="64" status="PASS">
          <reporter-output>
          </reporter-output>
        </test-method> <!-- tearDown -->
        <test-method signature="fillFormTest()[pri:0, instance:ankitdemoMobile.Appium.eCommerce_tc_4_Hybrid@1aa7ecca]" started-at="2023-08-09T16:13:25 IST" name="fillFormTest" finished-at="2023-08-09T16:14:08 IST" duration-ms="43219" status="PASS">
          <reporter-output>
          </reporter-output>
        </test-method> <!-- fillFormTest -->
        <test-method is-config="true" signature="tearDown()[pri:0, instance:ankitdemoMobile.Appium.eCommerce_tc_4_Hybrid@1aa7ecca]" started-at="2023-08-09T16:14:08 IST" name="tearDown" finished-at="2023-08-09T16:14:08 IST" duration-ms="0" status="PASS">
          <reporter-output>
          </reporter-output>
        </test-method> <!-- tearDown -->
      </class> <!-- ankitdemoMobile.Appium.eCommerce_tc_4_Hybrid -->
    </test> <!-- Default test -->
  </suite> <!-- Default suite -->
</testng-results>
